Exporter version: 6.4.3, Blender version: 2.83.3
========= Conversion from Blender to Babylon.js =========
	Scene settings used :
		Inline textures     :  false
		Material Type       :  PBR
		Positions Precision :  4
		Normals Precision   :  3
		UVs Precision       :  3
		Vert Color Precision:  3
		Mat Weight Precision:  2
		Keep Z-up r-handed  :  no
		Texture directory   :  C:\Users\jrejo\OneDrive\Documents\Coding\Insys\Models\
	Python World class constructor completed
	processing begun of camera (UniversalCamera):  Camera.001
	processing begun of mesh:  Sphere.013
		WARNING: No materials have been assigned: 
		num positions      :  19146
		num normals        :  19146
		num tangents       :  0
		num uvs            :  0
		num uvs2           :  0
		num colors         :  0
		num triangles      :  29088
		WARNING: # of 0 area faces found:  1011
	processing begun of light (POINT):  Lamp.000
	processing begun of light (POINT):  Lamp.001
	processing begun of light (POINT):  Lamp.002
	processing begun of light (POINT):  Lamp.003
	processing begun of light (POINT):  Lamp.004
========= Writing of JSON file started =========
	writing mesh:  Sphere.013
========= Writing of JSON file completed =========
========= end of processing =========
elapsed time:  0 min, 1.6367 secs
