Exporter version: 6.4.3, Blender version: 2.83.3
========= Conversion from Blender to Babylon.js =========
	Scene settings used :
		Inline textures     :  false
		Material Type       :  PBR
		Positions Precision :  4
		Normals Precision   :  3
		UVs Precision       :  3
		Vert Color Precision:  3
		Mat Weight Precision:  2
		Keep Z-up r-handed  :  no
		Texture directory   :  C:\Users\jrejo\OneDrive\Documents\Coding\insys-game\public\Models\
	Python World class constructor completed
	processing begun of mesh:  Medium Creature
		processing begun of material:  Material.007
		processing begun of material:  Material.008
		processing begun of multimaterial:  WBORK.Multimaterial#0
		num positions      :  12134
		num normals        :  12134
		num tangents       :  0
		num uvs            :  24268
		num uvs2           :  0
		num colors         :  0
		num triangles      :  15111
		WARNING: # of 0 area faces found:  9
	processing begun of camera (UniversalCamera):  Camera.001
	processing begun of light (POINT):  Lamp.000
	processing begun of light (POINT):  Lamp.001
	processing begun of light (POINT):  Lamp.002
	processing begun of light (POINT):  Lamp.003
	processing begun of light (POINT):  Lamp.004
========= Writing of JSON file started =========
	writing mesh:  Medium Creature
========= Writing of JSON file completed =========
========= end of processing =========
elapsed time:  0 min, 1.5932 secs
