Exporter version: 6.4.3, Blender version: 2.83.3
========= Conversion from Blender to Babylon.js =========
	Scene settings used :
		Inline textures     :  false
		Material Type       :  PBR
		Positions Precision :  4
		Normals Precision   :  3
		UVs Precision       :  3
		Vert Color Precision:  3
		Mat Weight Precision:  2
		Keep Z-up r-handed  :  no
		Texture directory   :  C:\Users\jrejo\OneDrive\Documents\Coding\Insys\
			processing texture abandoned_hall_01_4k
	Python World class constructor completed
	WARNING: No active camera has been assigned, or is not in a currently selected Blender layer
	processing begun of mesh:  Cube.001
		processing begun of material:  grey dice
		processing begun of material:  white part
		processing begun of multimaterial:  dice2.Multimaterial#0
		num positions      :  19187
		num normals        :  19187
		num tangents       :  0
		num uvs            :  38374
		num uvs2           :  0
		num colors         :  0
		num triangles      :  35328
========= Writing of JSON file started =========
	writing mesh:  Cube.001
========= Writing of JSON file completed =========
========= end of processing =========
elapsed time:  0 min, 3.3753 secs
